This file contains any messages produced by compilers while
running configure, to aid debugging if configure makes a mistake.

It was created by yaml configure 0.1.3, which was
generated by GNU Autoconf 2.61.  Invocation command line was

  $ ./configure --no-create --no-recursion

## --------- ##
## Platform. ##
## --------- ##

hostname = ecarrion-mac.local
uname -m = i386
uname -r = 10.7.0
uname -s = Darwin
uname -v = Darwin Kernel Version 10.7.0: Sat Jan 29 15:17:16 PST 2011; root:xnu-1504.9.37~1/RELEASE_I386

/usr/bin/uname -p = i386
/bin/uname -X     = unknown

/bin/arch              = unknown
/usr/bin/arch -k       = unknown
/usr/convex/getsysinfo = unknown
/usr/bin/hostinfo      = Mach kernel version:
	 Darwin Kernel Version 10.7.0: Sat Jan 29 15:17:16 PST 2011; root:xnu-1504.9.37~1/RELEASE_I386
Kernel configured for up to 2 processors.
2 processors are physically available.
2 processors are logically available.
Processor type: i486 (Intel 80486)
Processors active: 0 1
Primary memory available: 2.00 gigabytes
Default processor set: 73 tasks, 375 threads, 2 processors
Load average: 1.15, Mach factor: 0.91
/bin/machine           = unknown
/usr/bin/oslevel       = unknown
/bin/universe          = unknown

PATH: /opt/local/bin
PATH: /opt/local/sbin
PATH: /usr/bin
PATH: /bin
PATH: /usr/sbin
PATH: /sbin
PATH: /usr/local/bin
PATH: /usr/X11/bin


## ----------- ##
## Core tests. ##
## ----------- ##

configure:1970: checking for a BSD-compatible install
configure:2026: result: /usr/bin/install -c
configure:2037: checking whether build environment is sane
configure:2080: result: yes
configure:2108: checking for a thread-safe mkdir -p
configure:2147: result: config/install-sh -c -d
configure:2160: checking for gawk
configure:2176: found /opt/local/bin/gawk
configure:2187: result: gawk
configure:2198: checking whether make sets $(MAKE)
configure:2219: result: yes
configure:2491: checking for gcc
configure:2507: found /usr/bin/gcc
configure:2518: result: gcc
configure:2756: checking for C compiler version
configure:2763: gcc --version >&5
i686-apple-darwin10-gcc-4.2.1 (GCC) 4.2.1 (Apple Inc. build 5666) (dot 3)
Copyright (C) 2007 Free Software Foundation, Inc.
This is free software; see the source for copying conditions.  There is NO
warranty; not even for MERCHANTABILITY or FITNESS FOR A PARTICULAR PURPOSE.

configure:2766: $? = 0
configure:2773: gcc -v >&5
Using built-in specs.
Target: i686-apple-darwin10
Configured with: /var/tmp/gcc/gcc-5666.3~123/src/configure --disable-checking --enable-werror --prefix=/usr --mandir=/share/man --enable-languages=c,objc,c++,obj-c++ --program-transform-name=/^[cg][^.-]*$/s/$/-4.2/ --with-slibdir=/usr/lib --build=i686-apple-darwin10 --program-prefix=i686-apple-darwin10- --host=x86_64-apple-darwin10 --target=i686-apple-darwin10 --with-gxx-include-dir=/include/c++/4.2.1
Thread model: posix
gcc version 4.2.1 (Apple Inc. build 5666) (dot 3)
configure:2776: $? = 0
configure:2783: gcc -V >&5
gcc-4.2: argument to `-V' is missing
configure:2786: $? = 1
configure:2809: checking for C compiler default output file name
configure:2836: gcc    conftest.c  >&5
configure:2839: $? = 0
configure:2877: result: a.out
configure:2894: checking whether the C compiler works
configure:2904: ./a.out
configure:2907: $? = 0
configure:2924: result: yes
configure:2931: checking whether we are cross compiling
configure:2933: result: no
configure:2936: checking for suffix of executables
configure:2943: gcc -o conftest    conftest.c  >&5
configure:2946: $? = 0
configure:2970: result: 
configure:2976: checking for suffix of object files
configure:3002: gcc -c   conftest.c >&5
configure:3005: $? = 0
configure:3028: result: o
configure:3032: checking whether we are using the GNU C compiler
configure:3061: gcc -c   conftest.c >&5
configure:3067: $? = 0
configure:3084: result: yes
configure:3089: checking whether gcc accepts -g
configure:3119: gcc -c -g  conftest.c >&5
configure:3125: $? = 0
configure:3224: result: yes
configure:3241: checking for gcc option to accept ISO C89
configure:3315: gcc  -c -g -O2  conftest.c >&5
configure:3321: $? = 0
configure:3344: result: none needed
configure:3373: checking for style of include used by make
configure:3401: result: GNU
configure:3426: checking dependency style of gcc
configure:3517: result: gcc3
configure:3537: checking how to run the C preprocessor
configure:3577: gcc -E  conftest.c
configure:3583: $? = 0
configure:3614: gcc -E  conftest.c
conftest.c:14:28: error: ac_nonexistent.h: No such file or directory
configure:3620: $? = 1
configure: failed program was:
| /* confdefs.h.  */
| #define PACKAGE_NAME "yaml"
| #define PACKAGE_TARNAME "yaml"
| #define PACKAGE_VERSION "0.1.3"
| #define PACKAGE_STRING "yaml 0.1.3"
| #define PACKAGE_BUGREPORT "http://pyyaml.org/newticket?component=libyaml"
| #define PACKAGE "yaml"
| #define VERSION "0.1.3"
| #define YAML_VERSION_MAJOR 0
| #define YAML_VERSION_MINOR 1
| #define YAML_VERSION_PATCH 3
| #define YAML_VERSION_STRING "0.1.3"
| /* end confdefs.h.  */
| #include <ac_nonexistent.h>
configure:3653: result: gcc -E
configure:3682: gcc -E  conftest.c
configure:3688: $? = 0
configure:3719: gcc -E  conftest.c
conftest.c:14:28: error: ac_nonexistent.h: No such file or directory
configure:3725: $? = 1
configure: failed program was:
| /* confdefs.h.  */
| #define PACKAGE_NAME "yaml"
| #define PACKAGE_TARNAME "yaml"
| #define PACKAGE_VERSION "0.1.3"
| #define PACKAGE_STRING "yaml 0.1.3"
| #define PACKAGE_BUGREPORT "http://pyyaml.org/newticket?component=libyaml"
| #define PACKAGE "yaml"
| #define VERSION "0.1.3"
| #define YAML_VERSION_MAJOR 0
| #define YAML_VERSION_MINOR 1
| #define YAML_VERSION_PATCH 3
| #define YAML_VERSION_STRING "0.1.3"
| /* end confdefs.h.  */
| #include <ac_nonexistent.h>
configure:3775: checking for a BSD-compatible install
configure:3831: result: /usr/bin/install -c
configure:3842: checking whether ln -s works
configure:3846: result: yes
configure:3853: checking whether make sets $(MAKE)
configure:3874: result: yes
configure:3914: checking build system type
configure:3932: result: i386-apple-darwin10.7.0
configure:3954: checking host system type
configure:3969: result: i386-apple-darwin10.7.0
configure:3991: checking for a sed that does not truncate output
configure:4070: result: /usr/bin/sed
configure:4088: checking for grep that handles long lines and -e
configure:4162: result: /usr/bin/grep
configure:4167: checking for egrep
configure:4245: result: /usr/bin/grep -E
configure:4250: checking for fgrep
configure:4328: result: /usr/bin/grep -F
configure:4363: checking for ld used by gcc
configure:4430: result: /usr/libexec/gcc/i686-apple-darwin10/4.2.1/ld
configure:4439: checking if the linker (/usr/libexec/gcc/i686-apple-darwin10/4.2.1/ld) is GNU ld
configure:4454: result: no
configure:4466: checking for BSD- or MS-compatible name lister (nm)
configure:4515: result: /usr/bin/nm
configure:4637: checking the name lister (/usr/bin/nm) interface
configure:4644: gcc -c -g -O2  conftest.c >&5
configure:4647: /usr/bin/nm "conftest.o"
configure:4650: output
0000000000000194 D _some_variable
configure:4657: result: BSD nm
configure:4661: checking the maximum length of command line arguments
configure:4781: result: 196608
configure:4798: checking whether the shell understands some XSI constructs
configure:4808: result: yes
configure:4812: checking whether the shell understands "+="
configure:4818: result: yes
configure:4853: checking for /usr/libexec/gcc/i686-apple-darwin10/4.2.1/ld option to reload object files
configure:4860: result: -r
configure:4887: checking how to recognize dependent libraries
configure:5077: result: pass_all
configure:5137: checking for ar
configure:5153: found /usr/bin/ar
configure:5164: result: ar
configure:5246: checking for strip
configure:5262: found /usr/bin/strip
configure:5273: result: strip
configure:5349: checking for ranlib
configure:5365: found /usr/bin/ranlib
configure:5376: result: ranlib
configure:5470: checking command to parse /usr/bin/nm output from gcc object
configure:5588: gcc -c -g -O2  conftest.c >&5
configure:5591: $? = 0
configure:5595: /usr/bin/nm conftest.o \| sed -n -e 's/^.*[	 ]\([BCDEGRST][BCDEGRST]*\)[	 ][	 ]*\([_A-Za-z][_A-Za-z0-9]*\)$/\1 \2 \2/p' \> conftest.nm
configure:5598: $? = 0
cannot find nm_test_var in conftest.nm
configure:5588: gcc -c -g -O2  conftest.c >&5
configure:5591: $? = 0
configure:5595: /usr/bin/nm conftest.o \| sed -n -e 's/^.*[	 ]\([BCDEGRST][BCDEGRST]*\)[	 ][	 ]*_\([_A-Za-z][_A-Za-z0-9]*\)$/\1 _\2 \2/p' \> conftest.nm
configure:5598: $? = 0
configure:5652: gcc -o conftest -g -O2   conftest.c conftstm.o >&5
configure:5655: $? = 0
configure:5693: result: ok
configure:5983: checking for dsymutil
configure:5999: found /usr/bin/dsymutil
configure:6010: result: dsymutil
configure:6079: checking for nmedit
configure:6095: found /usr/bin/nmedit
configure:6106: result: nmedit
configure:6175: checking for lipo
configure:6191: found /usr/bin/lipo
configure:6202: result: lipo
configure:6271: checking for otool
configure:6287: found /usr/bin/otool
configure:6298: result: otool
configure:6367: checking for otool64
configure:6397: result: no
configure:6446: checking for -single_module linker flag
gcc -g -O2  -o libconftest.dylib -dynamiclib -Wl,-single_module conftest.c
configure:6473: result: yes
configure:6475: checking for -exported_symbols_list linker flag
configure:6505: gcc -o conftest -g -O2   -Wl,-exported_symbols_list,conftest.sym conftest.c  >&5
configure:6511: $? = 0
configure:6530: result: yes
configure:6568: checking for ANSI C header files
configure:6598: gcc -c -g -O2  conftest.c >&5
configure:6604: $? = 0
configure:6703: gcc -o conftest -g -O2   conftest.c  >&5
configure:6706: $? = 0
configure:6712: ./conftest
configure:6715: $? = 0
configure:6732: result: yes
configure:6756: checking for sys/types.h
configure:6777: gcc -c -g -O2  conftest.c >&5
configure:6783: $? = 0
configure:6799: result: yes
configure:6756: checking for sys/stat.h
configure:6777: gcc -c -g -O2  conftest.c >&5
configure:6783: $? = 0
configure:6799: result: yes
configure:6756: checking for stdlib.h
configure:6777: gcc -c -g -O2  conftest.c >&5
configure:6783: $? = 0
configure:6799: result: yes
configure:6756: checking for string.h
configure:6777: gcc -c -g -O2  conftest.c >&5
configure:6783: $? = 0
configure:6799: result: yes
configure:6756: checking for memory.h
configure:6777: gcc -c -g -O2  conftest.c >&5
configure:6783: $? = 0
configure:6799: result: yes
configure:6756: checking for strings.h
configure:6777: gcc -c -g -O2  conftest.c >&5
configure:6783: $? = 0
configure:6799: result: yes
configure:6756: checking for inttypes.h
configure:6777: gcc -c -g -O2  conftest.c >&5
configure:6783: $? = 0
configure:6799: result: yes
configure:6756: checking for stdint.h
configure:6777: gcc -c -g -O2  conftest.c >&5
configure:6783: $? = 0
configure:6799: result: yes
configure:6756: checking for unistd.h
configure:6777: gcc -c -g -O2  conftest.c >&5
configure:6783: $? = 0
configure:6799: result: yes
configure:6815: checking for dlfcn.h
configure:6836: gcc -c -g -O2  conftest.c >&5
configure:6842: $? = 0
configure:6858: result: yes
configure:7042: checking for objdir
configure:7057: result: .libs
configure:7349: checking if gcc supports -fno-rtti -fno-exceptions
configure:7367: gcc -c -g -O2  -fno-rtti -fno-exceptions conftest.c >&5
cc1: warning: command line option "-fno-rtti" is valid for C++/ObjC++ but not for C
configure:7371: $? = 0
configure:7384: result: no
configure:7404: checking for gcc option to produce PIC
configure:7661: result: -fno-common -DPIC
configure:7673: checking if gcc PIC flag -fno-common -DPIC works
configure:7691: gcc -c -g -O2  -fno-common -DPIC -DPIC conftest.c >&5
configure:7695: $? = 0
configure:7708: result: yes
configure:7732: checking if gcc static flag -static works
configure:7760: result: no
configure:7775: checking if gcc supports -c -o file.o
configure:7796: gcc -c -g -O2  -o out/conftest2.o conftest.c >&5
configure:7800: $? = 0
configure:7822: result: yes
configure:7830: checking if gcc supports -c -o file.o
configure:7877: result: yes
configure:7910: checking whether the gcc linker (/usr/libexec/gcc/i686-apple-darwin10/4.2.1/ld) supports shared libraries
configure:8964: result: yes
configure:9203: checking dynamic linker characteristics
configure:9882: result: darwin10.7.0 dyld
configure:9984: checking how to hardcode library paths into programs
configure:10009: result: immediate
configure:10822: checking whether stripping libraries is possible
configure:10836: result: yes
configure:10862: checking if libtool supports shared libraries
configure:10864: result: yes
configure:10867: checking whether to build shared libraries
configure:10888: result: yes
configure:10891: checking whether to build static libraries
configure:10895: result: yes
configure:10933: checking for doxygen
configure:10961: result: false
configure:10979: checking for ANSI C header files
configure:11143: result: yes
configure:11158: checking for stdlib.h
configure:11164: result: yes
configure:11300: checking for an ANSI C-conforming const
configure:11375: gcc -c -g -O2  conftest.c >&5
configure:11381: $? = 0
configure:11396: result: yes
configure:11406: checking for size_t
configure:11436: gcc -c -g -O2  conftest.c >&5
configure:11442: $? = 0
configure:11457: result: yes
configure:11596: creating ./config.status

## ---------------- ##
## Cache variables. ##
## ---------------- ##

ac_cv_build=i386-apple-darwin10.7.0
ac_cv_c_compiler_gnu=yes
ac_cv_c_const=yes
ac_cv_env_CC_set=
ac_cv_env_CC_value=
ac_cv_env_CFLAGS_set=
ac_cv_env_CFLAGS_value=
ac_cv_env_CPPFLAGS_set=
ac_cv_env_CPPFLAGS_value=
ac_cv_env_CPP_set=
ac_cv_env_CPP_value=
ac_cv_env_LDFLAGS_set=
ac_cv_env_LDFLAGS_value=
ac_cv_env_LIBS_set=
ac_cv_env_LIBS_value=
ac_cv_env_build_alias_set=
ac_cv_env_build_alias_value=
ac_cv_env_host_alias_set=
ac_cv_env_host_alias_value=
ac_cv_env_target_alias_set=
ac_cv_env_target_alias_value=
ac_cv_header_dlfcn_h=yes
ac_cv_header_inttypes_h=yes
ac_cv_header_memory_h=yes
ac_cv_header_stdc=yes
ac_cv_header_stdint_h=yes
ac_cv_header_stdlib_h=yes
ac_cv_header_string_h=yes
ac_cv_header_strings_h=yes
ac_cv_header_sys_stat_h=yes
ac_cv_header_sys_types_h=yes
ac_cv_header_unistd_h=yes
ac_cv_host=i386-apple-darwin10.7.0
ac_cv_objext=o
ac_cv_path_EGREP='/usr/bin/grep -E'
ac_cv_path_FGREP='/usr/bin/grep -F'
ac_cv_path_GREP=/usr/bin/grep
ac_cv_path_SED=/usr/bin/sed
ac_cv_path_install='/usr/bin/install -c'
ac_cv_prog_AWK=gawk
ac_cv_prog_CPP='gcc -E'
ac_cv_prog_DOXYGEN=false
ac_cv_prog_ac_ct_AR=ar
ac_cv_prog_ac_ct_CC=gcc
ac_cv_prog_ac_ct_DSYMUTIL=dsymutil
ac_cv_prog_ac_ct_LIPO=lipo
ac_cv_prog_ac_ct_NMEDIT=nmedit
ac_cv_prog_ac_ct_OTOOL=otool
ac_cv_prog_ac_ct_RANLIB=ranlib
ac_cv_prog_ac_ct_STRIP=strip
ac_cv_prog_cc_c89=
ac_cv_prog_cc_g=yes
ac_cv_prog_make_make_set=yes
ac_cv_type_size_t=yes
am_cv_CC_dependencies_compiler_type=gcc3
lt_cv_apple_cc_single_mod=yes
lt_cv_deplibs_check_method=pass_all
lt_cv_file_magic_cmd='$MAGIC_CMD'
lt_cv_file_magic_test_file=
lt_cv_ld_exported_symbols_list=yes
lt_cv_ld_reload_flag=-r
lt_cv_nm_interface='BSD nm'
lt_cv_objdir=.libs
lt_cv_path_LD=/usr/libexec/gcc/i686-apple-darwin10/4.2.1/ld
lt_cv_path_NM=/usr/bin/nm
lt_cv_prog_compiler_c_o=yes
lt_cv_prog_compiler_pic_works=yes
lt_cv_prog_compiler_rtti_exceptions=no
lt_cv_prog_compiler_static_works=no
lt_cv_prog_gnu_ld=no
lt_cv_sys_global_symbol_pipe='sed -n -e '\''s/^.*[	 ]\([BCDEGRST][BCDEGRST]*\)[	 ][	 ]*_\([_A-Za-z][_A-Za-z0-9]*\)$/\1 _\2 \2/p'\'''
lt_cv_sys_global_symbol_to_c_name_address='sed -n -e '\''s/^: \([^ ]*\) $/  {\"\1\", (void *) 0},/p'\'' -e '\''s/^[BCDEGRST]* \([^ ]*\) \([^ ]*\)$/  {"\2", (void *) \&\2},/p'\'''
lt_cv_sys_global_symbol_to_c_name_address_lib_prefix='sed -n -e '\''s/^: \([^ ]*\) $/  {\"\1\", (void *) 0},/p'\'' -e '\''s/^[BCDEGRST]* \([^ ]*\) \(lib[^ ]*\)$/  {"\2", (void *) \&\2},/p'\'' -e '\''s/^[BCDEGRST]* \([^ ]*\) \([^ ]*\)$/  {"lib\2", (void *) \&\2},/p'\'''
lt_cv_sys_global_symbol_to_cdecl='sed -n -e '\''s/^T .* \(.*\)$/extern int \1();/p'\'' -e '\''s/^[BCDEGRST]* .* \(.*\)$/extern char \1;/p'\'''
lt_cv_sys_max_cmd_len=196608

## ----------------- ##
## Output variables. ##
## ----------------- ##

ACLOCAL='${SHELL} /Users/ecarrion/YAML.framework/YAML/yaml-0.1.3/config/missing --run aclocal-1.10'
AMDEPBACKSLASH='\'
AMDEP_FALSE='#'
AMDEP_TRUE=''
AMTAR='${SHELL} /Users/ecarrion/YAML.framework/YAML/yaml-0.1.3/config/missing --run tar'
AR='ar'
AUTOCONF='${SHELL} /Users/ecarrion/YAML.framework/YAML/yaml-0.1.3/config/missing --run autoconf'
AUTOHEADER='${SHELL} /Users/ecarrion/YAML.framework/YAML/yaml-0.1.3/config/missing --run autoheader'
AUTOMAKE='${SHELL} /Users/ecarrion/YAML.framework/YAML/yaml-0.1.3/config/missing --run automake-1.10'
AWK='gawk'
CC='gcc'
CCDEPMODE='depmode=gcc3'
CFLAGS='-g -O2'
CPP='gcc -E'
CPPFLAGS=''
CYGPATH_W='echo'
DEFS='-DHAVE_CONFIG_H'
DEPDIR='.deps'
DOXYGEN='false'
DOXYGEN_FALSE=''
DOXYGEN_TRUE='#'
DSYMUTIL='dsymutil'
DUMPBIN=''
ECHO_C='ECHO_N=''
ECHO_T=''
EGREP='/usr/bin/grep -E'
EXEEXT=''
FGREP='/usr/bin/grep -F'
GREP='/usr/bin/grep'
INSTALL_DATA='${INSTALL} -m 644'
INSTALL_PROGRAM='${INSTALL}'
INSTALL_SCRIPT='${INSTALL}'
INSTALL_STRIP_PROGRAM='$(install_sh) -c -s'
LD='/usr/libexec/gcc/i686-apple-darwin10/4.2.1/ld'
LDFLAGS=''
LIBOBJS=''
LIBS=''
LIBTOOL='$(SHELL) $(top_builddir)/libtool'
LIPO='lipo'
LN_S='ln -s'
LTLIBOBJS=''
MAKEINFO='${SHELL} /Users/ecarrion/YAML.framework/YAML/yaml-0.1.3/config/missing --run makeinfo'
NM='/usr/bin/nm'
NMEDIT='nmedit'
OBJEXT='o'
OTOOL64=':'
OTOOL='otool'
PACKAGE='yaml'
PACKAGE_BUGREPORT='http://pyyaml.org/newticket?component=libyaml'
PACKAGE_NAME='yaml'
PACKAGE_STRING='yaml 0.1.3'
PACKAGE_TARNAME='yaml'
PACKAGE_VERSION='0.1.3'
PATH_SEPARATOR=':'
RANLIB='ranlib'
SED='/usr/bin/sed'
SET_MAKE=''
SHELL='/bin/sh'
STRIP='strip'
VERSION='0.1.3'
YAML_LT_AGE='0'
YAML_LT_CURRENT='2'
YAML_LT_RELEASE='0'
YAML_LT_REVISION='1'
ac_ct_CC='gcc'
ac_ct_DUMPBIN=''
am__fastdepCC_FALSE='#'
am__fastdepCC_TRUE=''
am__include='include'
am__isrc=''
am__leading_dot='.'
am__quote=''
am__tar='${AMTAR} chof - "$$tardir"'
am__untar='${AMTAR} xf -'
bindir='${exec_prefix}/bin'
build='i386-apple-darwin10.7.0'
build_alias=''
build_cpu='i386'
build_os='darwin10.7.0'
build_vendor='apple'
datadir='${datarootdir}'
datarootdir='${prefix}/share'
docdir='${datarootdir}/doc/${PACKAGE_TARNAME}'
dvidir='${docdir}'
exec_prefix='${prefix}'
host='i386-apple-darwin10.7.0'
host_alias=''
host_cpu='i386'
host_os='darwin10.7.0'
host_vendor='apple'
htmldir='${docdir}'
includedir='${prefix}/include'
infodir='${datarootdir}/info'
install_sh='$(SHELL) /Users/ecarrion/YAML.framework/YAML/yaml-0.1.3/config/install-sh'
libdir='${exec_prefix}/lib'
libexecdir='${exec_prefix}/libexec'
localedir='${datarootdir}/locale'
localstatedir='${prefix}/var'
lt_ECHO='/bin/echo'
mandir='${datarootdir}/man'
mkdir_p='$(top_builddir)/config/install-sh -c -d'
oldincludedir='/usr/include'
pdfdir='${docdir}'
prefix='/usr/local'
program_transform_name='s,x,x,'
psdir='${docdir}'
sbindir='${exec_prefix}/sbin'
sharedstatedir='${prefix}/com'
sysconfdir='${prefix}/etc'
target_alias=''

## ----------- ##
## confdefs.h. ##
## ----------- ##

#define PACKAGE_NAME "yaml"
#define PACKAGE_TARNAME "yaml"
#define PACKAGE_VERSION "0.1.3"
#define PACKAGE_STRING "yaml 0.1.3"
#define PACKAGE_BUGREPORT "http://pyyaml.org/newticket?component=libyaml"
#define PACKAGE "yaml"
#define VERSION "0.1.3"
#define YAML_VERSION_MAJOR 0
#define YAML_VERSION_MINOR 1
#define YAML_VERSION_PATCH 3
#define YAML_VERSION_STRING "0.1.3"
#define STDC_HEADERS 1
#define HAVE_SYS_TYPES_H 1
#define HAVE_SYS_STAT_H 1
#define HAVE_STDLIB_H 1
#define HAVE_STRING_H 1
#define HAVE_MEMORY_H 1
#define HAVE_STRINGS_H 1
#define HAVE_INTTYPES_H 1
#define HAVE_STDINT_H 1
#define HAVE_UNISTD_H 1
#define HAVE_DLFCN_H 1
#define LT_OBJDIR ".libs/"
#define STDC_HEADERS 1
#define HAVE_STDLIB_H 1

configure: exit 0

## ---------------------- ##
## Running config.status. ##
## ---------------------- ##

This file was extended by yaml config.status 0.1.3, which was
generated by GNU Autoconf 2.61.  Invocation command line was

  CONFIG_FILES    = 
  CONFIG_HEADERS  = 
  CONFIG_LINKS    = 
  CONFIG_COMMANDS = 
  $ ./config.status 

on ecarrion-mac.local

config.status:854: creating include/Makefile
config.status:854: creating src/Makefile
config.status:854: creating Makefile
config.status:854: creating tests/Makefile
config.status:854: creating win32/Makefile
config.status:854: creating config.h
config.status:1088: config.h is unchanged
config.status:1134: executing depfiles commands
config.status:1134: executing libtool commands
